<?xml version="1.0" encoding="UTF-8"?>
<testng-results ignored="0" total="1" passed="1" failed="0" skipped="0">
  <reporter-output>
  </reporter-output>
  <suite started-at="2022-09-03T22:00:46 IST" name="Default suite" finished-at="2022-09-03T22:00:55 IST" duration-ms="8948">
    <groups>
    </groups>
    <test started-at="2022-09-03T22:00:46 IST" name="Default test" finished-at="2022-09-03T22:00:55 IST" duration-ms="8948">
      <class name="apitestcase1.Capturedata">
        <test-method signature="capturedata()[pri:0, instance:apitestcase1.Capturedata@1184ab05]" started-at="2022-09-03T22:00:47 IST" name="capturedata" finished-at="2022-09-03T22:00:55 IST" duration-ms="8805" status="PASS">
          <reporter-output>
          </reporter-output>
        </test-method> <!-- capturedata -->
      </class> <!-- apitestcase1.Capturedata -->
    </test> <!-- Default test -->
  </suite> <!-- Default suite -->
</testng-results>
